<?xml version="1.0" encoding="UTF-8"?>
<!-- Generated by org.testng.reporters.JUnitReportReporter -->
<testsuite skipped="0" hostname="Ankit-PC" name="Programs.PrimeNumber" tests="1" failures="0" timestamp="16 Sep 2017 10:00:21 GMT" time="0.041" errors="0">
  <testcase name="testPrimeNumber" time="0.041" classname="Programs.PrimeNumber"/>
</testsuite> <!-- Programs.PrimeNumber -->
