<?xml version="1.0" encoding="UTF-8"?>
<!-- Generated by org.testng.reporters.JUnitReportReporter -->
<testsuite skipped="0" hostname="Ankit-PC" name="testWebsite.TestScriptTest" tests="1" failures="0" timestamp="14 Sep 2017 18:00:01 GMT" time="0.020" errors="0">
  <testcase name="charCount" time="0.020" classname="testWebsite.TestScriptTest"/>
</testsuite> <!-- testWebsite.TestScriptTest -->
