<?xml version="1.0" encoding="UTF-8"?>
<!-- Generated by org.testng.reporters.JUnitReportReporter -->
<testsuite skipped="0" hostname="Ankit-PC" name="Programs.Factorial" tests="1" failures="0" timestamp="16 Sep 2017 10:12:09 GMT" time="0.033" errors="0">
  <testcase name="recursiveFactorialTest" time="0.033" classname="Programs.Factorial"/>
</testsuite> <!-- Programs.Factorial -->
